Using pre-set license
Built from '2020.2/release' branch; Version is '2020.2.0f1 (3721df5a8b28) revision 3613151'; Using compiler version '192528614'; Build Type 'Release'
OS: 'Windows 10  (10.0.0) 64bit' Language: 'en' Physical Memory: 8039 MB
BatchMode: 1, IsHumanControllingUs: 0, StartBugReporterOnCrash: 0, Is64bit: 1, IsPro: 0

 COMMAND LINE ARGUMENTS:
C:\Program Files\Unity\Hub\Editor\2020.2.0f1\Editor\Unity.exe
-adb2
-batchMode
-noUpm
-name
AssetImportWorker0
-projectPath
C:/Users/User/Desktop/TaskProceduralCaveGenerator
-logFile
Logs/AssetImportWorker0.log
-srvPort
53487
Successfully changed project path to: C:/Users/User/Desktop/TaskProceduralCaveGenerator
C:/Users/User/Desktop/TaskProceduralCaveGenerator
Using Asset Import Pipeline V2.
Refreshing native plugins compatible for Editor in 81.93 ms, found 0 plugins.
Preloading 0 native plugins for Editor in 0.00 ms.
Initialize engine version: 2020.2.0f1 (3721df5a8b28)
[Subsystems] Discovering subsystems at path C:/Program Files/Unity/Hub/Editor/2020.2.0f1/Editor/Data/Resources/UnitySubsystems
[Subsystems] Discovering subsystems at path C:/Users/User/Desktop/TaskProceduralCaveGenerator/Assets
GfxDevice: creating device client; threaded=0
Direct3D:
    Version:  Direct3D 11.0 [level 11.1]
    Renderer: NVIDIA GeForce MX250 (ID=0x1d13)
    Vendor:   
    VRAM:     1983 MB
    Driver:   26.21.14.4137
Initialize mono
Mono path[0] = 'C:/Program Files/Unity/Hub/Editor/2020.2.0f1/Editor/Data/Managed'
Mono path[1] = 'C:/Program Files/Unity/Hub/Editor/2020.2.0f1/Editor/Data/MonoBleedingEdge/lib/mono/unityjit'
Mono config path = 'C:/Program Files/Unity/Hub/Editor/2020.2.0f1/Editor/Data/MonoBleedingEdge/etc'
Using monoOptions --debugger-agent=transport=dt_socket,embedding=1,server=y,suspend=n,address=127.0.0.1:56604
Begin MonoManager ReloadAssembly
Registering precompiled unity dll's ...
Register platform support module: C:/Program Files/Unity/Hub/Editor/2020.2.0f1/Editor/Data/PlaybackEngines/WindowsStandaloneSupport/UnityEditor.WindowsStandalone.Extensions.dll
Registered in 0.006731 seconds.
Native extension for WindowsStandalone target not found
Refreshing native plugins compatible for Editor in 65.27 ms, found 0 plugins.
Preloading 0 native plugins for Editor in 0.00 ms.
Invoked RoslynAnalysisRunner static constructor.
RoslynAnalysisRunner will not be running.
RoslynAnalysisRunner has terminated.
Mono: successfully reloaded assembly
- Completed reload, in  7.785 seconds
Platform modules already initialized, skipping
Registering precompiled user dll's ...
Registered in 0.001874 seconds.
Begin MonoManager ReloadAssembly
Native extension for WindowsStandalone target not found
Refreshing native plugins compatible for Editor in 0.62 ms, found 0 plugins.
Preloading 0 native plugins for Editor in 0.00 ms.
Invoked RoslynAnalysisRunner static constructor.
RoslynAnalysisRunner will not be running.
RoslynAnalysisRunner has terminated.
Mono: successfully reloaded assembly
- Completed reload, in  4.257 seconds
Platform modules already initialized, skipping
========================================================================
Worker process is ready to serve import requests
Launched and connected shader compiler UnityShaderCompiler.exe after 0.16 seconds
Refreshing native plugins compatible for Editor in 0.81 ms, found 0 plugins.
Preloading 0 native plugins for Editor in 0.00 ms.
Unloading 1095 Unused Serialized files (Serialized files now loaded: 0)
System memory in use before: 55.9 MB.
System memory in use after: 56.0 MB.

Unloading 10 unused Assets to reduce memory usage. Loaded Objects now: 1534.
Total: 6.142800 ms (FindLiveObjects: 0.399200 ms CreateObjectMapping: 0.127700 ms MarkObjects: 5.361800 ms  DeleteObjects: 0.248800 ms)

========================================================================
Received Import Request.
  path: Assets/NewBehaviourScript.cs
  artifactKey: Guid(6f5a3495044cda94783ef24ae7821cf0) Importer(815301076,1909f56bfc062723c751e8b465ee728b)
Start importing Assets/NewBehaviourScript.cs using Guid(6f5a3495044cda94783ef24ae7821cf0) Importer(815301076,1909f56bfc062723c751e8b465ee728b)  -> (artifact id: 'a9386d6b6e909ef841e52b01bf140042') in 0.163211 seconds
  Import took 0.173420 seconds .

========================================================================
Received Import Request.
  Time since last request: 2.963847 seconds.
  path: Assets/MapGenerator.cs
  artifactKey: Guid(6f5a3495044cda94783ef24ae7821cf0) Importer(815301076,1909f56bfc062723c751e8b465ee728b)
Start importing Assets/MapGenerator.cs using Guid(6f5a3495044cda94783ef24ae7821cf0) Importer(815301076,1909f56bfc062723c751e8b465ee728b)  -> (artifact id: 'db392e5047eb9e66ef977bb5727cc377') in 0.004926 seconds
  Import took 0.011260 seconds .

========================================================================
Received Prepare
Registering precompiled user dll's ...
Registered in 0.001916 seconds.
Begin MonoManager ReloadAssembly
Native extension for WindowsStandalone target not found
Refreshing native plugins compatible for Editor in 0.49 ms, found 0 plugins.
Preloading 0 native plugins for Editor in 0.00 ms.
Invoked RoslynAnalysisRunner static constructor.
RoslynAnalysisRunner will not be running.
RoslynAnalysisRunner has terminated.
Mono: successfully reloaded assembly
- Completed reload, in  4.290 seconds
Platform modules already initialized, skipping
Refreshing native plugins compatible for Editor in 0.23 ms, found 0 plugins.
Preloading 0 native plugins for Editor in 0.00 ms.
Unloading 1090 Unused Serialized files (Serialized files now loaded: 0)
System memory in use before: 55.9 MB.
System memory in use after: 56.0 MB.

Unloading 5 unused Assets to reduce memory usage. Loaded Objects now: 1536.
Total: 2.832100 ms (FindLiveObjects: 0.209400 ms CreateObjectMapping: 0.059000 ms MarkObjects: 2.484500 ms  DeleteObjects: 0.077000 ms)

========================================================================
Received Prepare
Registering precompiled user dll's ...
Registered in 0.001668 seconds.
Begin MonoManager ReloadAssembly
Native extension for WindowsStandalone target not found
Refreshing native plugins compatible for Editor in 0.38 ms, found 0 plugins.
Preloading 0 native plugins for Editor in 0.00 ms.
Invoked RoslynAnalysisRunner static constructor.
RoslynAnalysisRunner will not be running.
RoslynAnalysisRunner has terminated.
Mono: successfully reloaded assembly
- Completed reload, in  3.389 seconds
Platform modules already initialized, skipping
Refreshing native plugins compatible for Editor in 0.74 ms, found 0 plugins.
Preloading 0 native plugins for Editor in 0.00 ms.
Unloading 1090 Unused Serialized files (Serialized files now loaded: 0)
System memory in use before: 56.1 MB.
System memory in use after: 56.1 MB.

Unloading 5 unused Assets to reduce memory usage. Loaded Objects now: 1538.
Total: 12.524200 ms (FindLiveObjects: 1.465400 ms CreateObjectMapping: 0.374100 ms MarkObjects: 10.496400 ms  DeleteObjects: 0.181900 ms)

========================================================================
Received Import Request.
  Time since last request: 168.927165 seconds.
  path: Assets/MapGenerator.cs
  artifactKey: Guid(6f5a3495044cda94783ef24ae7821cf0) Importer(815301076,1909f56bfc062723c751e8b465ee728b)
Start importing Assets/MapGenerator.cs using Guid(6f5a3495044cda94783ef24ae7821cf0) Importer(815301076,1909f56bfc062723c751e8b465ee728b)  -> (artifact id: '8a6a4d17b4b8d5e47af188590bdf7336') in 0.023739 seconds
  Import took 0.036171 seconds .

========================================================================
Received Prepare
Registering precompiled user dll's ...
Registered in 0.001161 seconds.
Begin MonoManager ReloadAssembly
Native extension for WindowsStandalone target not found
Refreshing native plugins compatible for Editor in 0.57 ms, found 0 plugins.
Preloading 0 native plugins for Editor in 0.00 ms.
Invoked RoslynAnalysisRunner static constructor.
RoslynAnalysisRunner will not be running.
RoslynAnalysisRunner has terminated.
Mono: successfully reloaded assembly
- Completed reload, in  3.052 seconds
Platform modules already initialized, skipping
Refreshing native plugins compatible for Editor in 0.51 ms, found 0 plugins.
Preloading 0 native plugins for Editor in 0.00 ms.
Unloading 1090 Unused Serialized files (Serialized files now loaded: 0)
System memory in use before: 56.1 MB.
System memory in use after: 56.2 MB.

Unloading 5 unused Assets to reduce memory usage. Loaded Objects now: 1540.
Total: 6.772300 ms (FindLiveObjects: 0.508500 ms CreateObjectMapping: 0.192100 ms MarkObjects: 5.903700 ms  DeleteObjects: 0.163000 ms)

========================================================================
Received Prepare
Registering precompiled user dll's ...
Registered in 0.001321 seconds.
Begin MonoManager ReloadAssembly
Native extension for WindowsStandalone target not found
Refreshing native plugins compatible for Editor in 0.40 ms, found 0 plugins.
Preloading 0 native plugins for Editor in 0.00 ms.
Invoked RoslynAnalysisRunner static constructor.
RoslynAnalysisRunner will not be running.
RoslynAnalysisRunner has terminated.
Mono: successfully reloaded assembly
- Completed reload, in  3.005 seconds
Platform modules already initialized, skipping
Refreshing native plugins compatible for Editor in 0.36 ms, found 0 plugins.
Preloading 0 native plugins for Editor in 0.00 ms.
Unloading 1090 Unused Serialized files (Serialized files now loaded: 0)
System memory in use before: 56.2 MB.
System memory in use after: 56.3 MB.

Unloading 5 unused Assets to reduce memory usage. Loaded Objects now: 1542.
Total: 4.094500 ms (FindLiveObjects: 0.331900 ms CreateObjectMapping: 0.146800 ms MarkObjects: 3.505200 ms  DeleteObjects: 0.107500 ms)

========================================================================
Received Import Request.
  Time since last request: 688.886233 seconds.
  path: Assets/MapGenerator.cs
  artifactKey: Guid(6f5a3495044cda94783ef24ae7821cf0) Importer(815301076,1909f56bfc062723c751e8b465ee728b)
Start importing Assets/MapGenerator.cs using Guid(6f5a3495044cda94783ef24ae7821cf0) Importer(815301076,1909f56bfc062723c751e8b465ee728b)  -> (artifact id: '8b729ae5f852303a094942fa3e38bcdf') in 0.033416 seconds
  Import took 0.047383 seconds .

========================================================================
Received Import Request.
  Time since last request: 0.156079 seconds.
  path: Assets/MapGenerator.cs
  artifactKey: Guid(6f5a3495044cda94783ef24ae7821cf0) Importer(815301076,1909f56bfc062723c751e8b465ee728b)
Start importing Assets/MapGenerator.cs using Guid(6f5a3495044cda94783ef24ae7821cf0) Importer(815301076,1909f56bfc062723c751e8b465ee728b)  -> (artifact id: '8b729ae5f852303a094942fa3e38bcdf') in 0.015453 seconds
  Import took 0.027374 seconds .

========================================================================
Received Prepare
Registering precompiled user dll's ...
Registered in 0.001062 seconds.
Begin MonoManager ReloadAssembly
Native extension for WindowsStandalone target not found
Refreshing native plugins compatible for Editor in 0.39 ms, found 0 plugins.
Preloading 0 native plugins for Editor in 0.00 ms.
Invoked RoslynAnalysisRunner static constructor.
RoslynAnalysisRunner will not be running.
RoslynAnalysisRunner has terminated.
Mono: successfully reloaded assembly
- Completed reload, in  2.401 seconds
Platform modules already initialized, skipping
Refreshing native plugins compatible for Editor in 0.64 ms, found 0 plugins.
Preloading 0 native plugins for Editor in 0.00 ms.
Unloading 1090 Unused Serialized files (Serialized files now loaded: 0)
System memory in use before: 56.3 MB.
System memory in use after: 56.4 MB.

Unloading 5 unused Assets to reduce memory usage. Loaded Objects now: 1544.
Total: 4.796300 ms (FindLiveObjects: 0.910700 ms CreateObjectMapping: 0.191900 ms MarkObjects: 3.600000 ms  DeleteObjects: 0.090300 ms)

========================================================================
Received Prepare
Registering precompiled user dll's ...
Registered in 0.002518 seconds.
Begin MonoManager ReloadAssembly
Native extension for WindowsStandalone target not found
Refreshing native plugins compatible for Editor in 0.39 ms, found 0 plugins.
Preloading 0 native plugins for Editor in 0.00 ms.
Invoked RoslynAnalysisRunner static constructor.
RoslynAnalysisRunner will not be running.
RoslynAnalysisRunner has terminated.
Mono: successfully reloaded assembly
- Completed reload, in  2.723 seconds
Platform modules already initialized, skipping
Refreshing native plugins compatible for Editor in 0.84 ms, found 0 plugins.
Preloading 0 native plugins for Editor in 0.00 ms.
Unloading 1090 Unused Serialized files (Serialized files now loaded: 0)
System memory in use before: 56.4 MB.
System memory in use after: 56.5 MB.

Unloading 5 unused Assets to reduce memory usage. Loaded Objects now: 1546.
Total: 8.941600 ms (FindLiveObjects: 0.891600 ms CreateObjectMapping: 1.078200 ms MarkObjects: 6.722400 ms  DeleteObjects: 0.242200 ms)

========================================================================
Received Import Request.
  Time since last request: 266.467391 seconds.
  path: Assets/MapGenerator.cs
  artifactKey: Guid(6f5a3495044cda94783ef24ae7821cf0) Importer(815301076,1909f56bfc062723c751e8b465ee728b)
Start importing Assets/MapGenerator.cs using Guid(6f5a3495044cda94783ef24ae7821cf0) Importer(815301076,1909f56bfc062723c751e8b465ee728b)  -> (artifact id: '6a1bb744cc37dfee13486f0f346afea9') in 0.019476 seconds
  Import took 0.032498 seconds .

========================================================================
Received Import Request.
  Time since last request: 0.072475 seconds.
  path: Assets/MapGenerator.cs
  artifactKey: Guid(6f5a3495044cda94783ef24ae7821cf0) Importer(815301076,1909f56bfc062723c751e8b465ee728b)
Start importing Assets/MapGenerator.cs using Guid(6f5a3495044cda94783ef24ae7821cf0) Importer(815301076,1909f56bfc062723c751e8b465ee728b)  -> (artifact id: '6a1bb744cc37dfee13486f0f346afea9') in 0.005530 seconds
  Import took 0.011439 seconds .

========================================================================
Received Prepare
Registering precompiled user dll's ...
Registered in 0.001636 seconds.
Begin MonoManager ReloadAssembly
Native extension for WindowsStandalone target not found
Refreshing native plugins compatible for Editor in 0.45 ms, found 0 plugins.
Preloading 0 native plugins for Editor in 0.00 ms.
Invoked RoslynAnalysisRunner static constructor.
RoslynAnalysisRunner will not be running.
RoslynAnalysisRunner has terminated.
Mono: successfully reloaded assembly
- Completed reload, in  3.376 seconds
Platform modules already initialized, skipping
Refreshing native plugins compatible for Editor in 0.29 ms, found 0 plugins.
Preloading 0 native plugins for Editor in 0.00 ms.
Unloading 1090 Unused Serialized files (Serialized files now loaded: 0)
System memory in use before: 56.4 MB.
System memory in use after: 56.5 MB.

Unloading 5 unused Assets to reduce memory usage. Loaded Objects now: 1548.
Total: 2.945900 ms (FindLiveObjects: 0.302300 ms CreateObjectMapping: 0.091300 ms MarkObjects: 2.414800 ms  DeleteObjects: 0.135400 ms)

========================================================================
Received Prepare
Registering precompiled user dll's ...
Registered in 0.001445 seconds.
Begin MonoManager ReloadAssembly
Native extension for WindowsStandalone target not found
Refreshing native plugins compatible for Editor in 0.67 ms, found 0 plugins.
Preloading 0 native plugins for Editor in 0.00 ms.
Invoked RoslynAnalysisRunner static constructor.
RoslynAnalysisRunner will not be running.
RoslynAnalysisRunner has terminated.
Mono: successfully reloaded assembly
- Completed reload, in  3.790 seconds
Platform modules already initialized, skipping
Refreshing native plugins compatible for Editor in 0.81 ms, found 0 plugins.
Preloading 0 native plugins for Editor in 0.00 ms.
Unloading 1090 Unused Serialized files (Serialized files now loaded: 0)
System memory in use before: 56.5 MB.
System memory in use after: 56.6 MB.

Unloading 5 unused Assets to reduce memory usage. Loaded Objects now: 1550.
Total: 5.768400 ms (FindLiveObjects: 0.598100 ms CreateObjectMapping: 0.197100 ms MarkObjects: 4.836400 ms  DeleteObjects: 0.131800 ms)

========================================================================
Received Prepare
Registering precompiled user dll's ...
Registered in 0.003350 seconds.
Begin MonoManager ReloadAssembly
Native extension for WindowsStandalone target not found
Refreshing native plugins compatible for Editor in 0.58 ms, found 0 plugins.
Preloading 0 native plugins for Editor in 0.00 ms.
Invoked RoslynAnalysisRunner static constructor.
RoslynAnalysisRunner will not be running.
RoslynAnalysisRunner has terminated.
Mono: successfully reloaded assembly
- Completed reload, in  3.496 seconds
Platform modules already initialized, skipping
Refreshing native plugins compatible for Editor in 0.60 ms, found 0 plugins.
Preloading 0 native plugins for Editor in 0.00 ms.
Unloading 1090 Unused Serialized files (Serialized files now loaded: 0)
System memory in use before: 56.6 MB.
System memory in use after: 56.7 MB.

Unloading 5 unused Assets to reduce memory usage. Loaded Objects now: 1552.
Total: 5.438100 ms (FindLiveObjects: 0.514400 ms CreateObjectMapping: 0.135300 ms MarkObjects: 4.573600 ms  DeleteObjects: 0.208700 ms)

========================================================================
Received Prepare
Registering precompiled user dll's ...
Registered in 0.001414 seconds.
Begin MonoManager ReloadAssembly
Native extension for WindowsStandalone target not found
Refreshing native plugins compatible for Editor in 0.50 ms, found 0 plugins.
Preloading 0 native plugins for Editor in 0.00 ms.
Invoked RoslynAnalysisRunner static constructor.
RoslynAnalysisRunner will not be running.
RoslynAnalysisRunner has terminated.
Mono: successfully reloaded assembly
- Completed reload, in  2.526 seconds
Platform modules already initialized, skipping
Refreshing native plugins compatible for Editor in 0.40 ms, found 0 plugins.
Preloading 0 native plugins for Editor in 0.00 ms.
Unloading 1090 Unused Serialized files (Serialized files now loaded: 0)
System memory in use before: 56.7 MB.
System memory in use after: 56.7 MB.

Unloading 5 unused Assets to reduce memory usage. Loaded Objects now: 1554.
Total: 3.946100 ms (FindLiveObjects: 0.346100 ms CreateObjectMapping: 0.081200 ms MarkObjects: 3.432700 ms  DeleteObjects: 0.082500 ms)

========================================================================
Received Prepare
Registering precompiled user dll's ...
Registered in 0.002001 seconds.
Begin MonoManager ReloadAssembly
Native extension for WindowsStandalone target not found
Refreshing native plugins compatible for Editor in 0.61 ms, found 0 plugins.
Preloading 0 native plugins for Editor in 0.00 ms.
Invoked RoslynAnalysisRunner static constructor.
RoslynAnalysisRunner will not be running.
RoslynAnalysisRunner has terminated.
Mono: successfully reloaded assembly
- Completed reload, in  3.712 seconds
Platform modules already initialized, skipping
Refreshing native plugins compatible for Editor in 0.54 ms, found 0 plugins.
Preloading 0 native plugins for Editor in 0.00 ms.
Unloading 1090 Unused Serialized files (Serialized files now loaded: 0)
System memory in use before: 56.7 MB.
System memory in use after: 56.8 MB.

Unloading 5 unused Assets to reduce memory usage. Loaded Objects now: 1556.
Total: 6.931100 ms (FindLiveObjects: 0.776300 ms CreateObjectMapping: 0.240400 ms MarkObjects: 5.772500 ms  DeleteObjects: 0.136600 ms)

========================================================================
Received Import Request.
  Time since last request: 1671.976020 seconds.
  path: Assets
  artifactKey: Guid(00000000000000001000000000000000) Importer(815301076,1909f56bfc062723c751e8b465ee728b)
Start importing Assets using Guid(00000000000000001000000000000000) Importer(815301076,1909f56bfc062723c751e8b465ee728b)  -> (artifact id: 'b41cfa13f056e58f64cf5f3363de7353') in 0.012632 seconds
  Import took 0.017559 seconds .

========================================================================
Received Import Request.
  Time since last request: 6.599820 seconds.
  path: Assets/MeshGenerator.cs
  artifactKey: Guid(d6afea8ece815b141b3bbf402e227b1a) Importer(815301076,1909f56bfc062723c751e8b465ee728b)
Start importing Assets/MeshGenerator.cs using Guid(d6afea8ece815b141b3bbf402e227b1a) Importer(815301076,1909f56bfc062723c751e8b465ee728b)  -> (artifact id: 'c97f15a4a3c73d25607e8c3d513f3f93') in 0.013768 seconds
  Import took 0.022273 seconds .

========================================================================
Received Prepare
Registering precompiled user dll's ...
Registered in 0.005345 seconds.
Begin MonoManager ReloadAssembly
Native extension for WindowsStandalone target not found
Refreshing native plugins compatible for Editor in 0.59 ms, found 0 plugins.
Preloading 0 native plugins for Editor in 0.00 ms.
Invoked RoslynAnalysisRunner static constructor.
RoslynAnalysisRunner will not be running.
RoslynAnalysisRunner has terminated.
Mono: successfully reloaded assembly
- Completed reload, in  3.550 seconds
Platform modules already initialized, skipping
Refreshing native plugins compatible for Editor in 0.53 ms, found 0 plugins.
Preloading 0 native plugins for Editor in 0.00 ms.
Unloading 1091 Unused Serialized files (Serialized files now loaded: 0)
System memory in use before: 56.8 MB.
System memory in use after: 56.9 MB.

Unloading 5 unused Assets to reduce memory usage. Loaded Objects now: 1559.
Total: 6.982400 ms (FindLiveObjects: 0.776800 ms CreateObjectMapping: 0.367200 ms MarkObjects: 5.684500 ms  DeleteObjects: 0.147300 ms)

========================================================================
Received Prepare
Registering precompiled user dll's ...
Registered in 0.002067 seconds.
Begin MonoManager ReloadAssembly
Native extension for WindowsStandalone target not found
Refreshing native plugins compatible for Editor in 0.30 ms, found 0 plugins.
Preloading 0 native plugins for Editor in 0.00 ms.
Invoked RoslynAnalysisRunner static constructor.
RoslynAnalysisRunner will not be running.
RoslynAnalysisRunner has terminated.
Mono: successfully reloaded assembly
- Completed reload, in  2.453 seconds
Platform modules already initialized, skipping
Refreshing native plugins compatible for Editor in 0.37 ms, found 0 plugins.
Preloading 0 native plugins for Editor in 0.00 ms.
Unloading 1091 Unused Serialized files (Serialized files now loaded: 0)
System memory in use before: 56.9 MB.
System memory in use after: 57.0 MB.

Unloading 5 unused Assets to reduce memory usage. Loaded Objects now: 1561.
Total: 6.864300 ms (FindLiveObjects: 0.550900 ms CreateObjectMapping: 0.224400 ms MarkObjects: 5.968300 ms  DeleteObjects: 0.116200 ms)

========================================================================
Received Import Request.
  Time since last request: 1728.875593 seconds.
  path: Assets/MeshGenerator.cs
  artifactKey: Guid(d6afea8ece815b141b3bbf402e227b1a) Importer(815301076,1909f56bfc062723c751e8b465ee728b)
Start importing Assets/MeshGenerator.cs using Guid(d6afea8ece815b141b3bbf402e227b1a) Importer(815301076,1909f56bfc062723c751e8b465ee728b)  -> (artifact id: '76f56ed03675e4546632a71f1ca681b0') in 0.010297 seconds
  Import took 0.017057 seconds .

========================================================================
Received Import Request.
  Time since last request: 0.010734 seconds.
  path: Assets/MeshGenerator.cs
  artifactKey: Guid(d6afea8ece815b141b3bbf402e227b1a) Importer(815301076,1909f56bfc062723c751e8b465ee728b)
Start importing Assets/MeshGenerator.cs using Guid(d6afea8ece815b141b3bbf402e227b1a) Importer(815301076,1909f56bfc062723c751e8b465ee728b)  -> (artifact id: '76f56ed03675e4546632a71f1ca681b0') in 0.006331 seconds
  Import took 0.011123 seconds .

========================================================================
Received Prepare
Registering precompiled user dll's ...
Registered in 0.001552 seconds.
Begin MonoManager ReloadAssembly
Native extension for WindowsStandalone target not found
Refreshing native plugins compatible for Editor in 1.27 ms, found 0 plugins.
Preloading 0 native plugins for Editor in 0.00 ms.
Invoked RoslynAnalysisRunner static constructor.
RoslynAnalysisRunner will not be running.
RoslynAnalysisRunner has terminated.
Mono: successfully reloaded assembly
- Completed reload, in  3.900 seconds
Platform modules already initialized, skipping
Refreshing native plugins compatible for Editor in 0.38 ms, found 0 plugins.
Preloading 0 native plugins for Editor in 0.00 ms.
Unloading 1091 Unused Serialized files (Serialized files now loaded: 0)
System memory in use before: 57.0 MB.
System memory in use after: 57.0 MB.

Unloading 5 unused Assets to reduce memory usage. Loaded Objects now: 1563.
Total: 4.169200 ms (FindLiveObjects: 0.455200 ms CreateObjectMapping: 0.217600 ms MarkObjects: 3.401700 ms  DeleteObjects: 0.089700 ms)

========================================================================
Received Prepare
Registering precompiled user dll's ...
Registered in 0.001532 seconds.
Begin MonoManager ReloadAssembly
Native extension for WindowsStandalone target not found
Refreshing native plugins compatible for Editor in 0.42 ms, found 0 plugins.
Preloading 0 native plugins for Editor in 0.00 ms.
Invoked RoslynAnalysisRunner static constructor.
RoslynAnalysisRunner will not be running.
RoslynAnalysisRunner has terminated.
Mono: successfully reloaded assembly
- Completed reload, in  2.281 seconds
Platform modules already initialized, skipping
Refreshing native plugins compatible for Editor in 0.69 ms, found 0 plugins.
Preloading 0 native plugins for Editor in 0.00 ms.
Unloading 1091 Unused Serialized files (Serialized files now loaded: 0)
System memory in use before: 57.1 MB.
System memory in use after: 57.1 MB.

Unloading 5 unused Assets to reduce memory usage. Loaded Objects now: 1565.
Total: 6.460500 ms (FindLiveObjects: 0.597500 ms CreateObjectMapping: 0.199700 ms MarkObjects: 5.525800 ms  DeleteObjects: 0.133000 ms)

========================================================================
Received Import Request.
  Time since last request: 1529.898470 seconds.
  path: Assets/Cave.mat
  artifactKey: Guid(8e9586f31a72b2e46b862e01bcbbe80b) Importer(815301076,1909f56bfc062723c751e8b465ee728b)
Start importing Assets/Cave.mat using Guid(8e9586f31a72b2e46b862e01bcbbe80b) Importer(815301076,1909f56bfc062723c751e8b465ee728b)  -> (artifact id: '7a93c0d9ba9d52f396c7c7598e6d4b4d') in 0.746955 seconds
  Import took 0.759199 seconds .

========================================================================
Received Prepare
Registering precompiled user dll's ...
Registered in 0.002608 seconds.
Begin MonoManager ReloadAssembly
Native extension for WindowsStandalone target not found
Refreshing native plugins compatible for Editor in 0.67 ms, found 0 plugins.
Preloading 0 native plugins for Editor in 0.00 ms.
Invoked RoslynAnalysisRunner static constructor.
RoslynAnalysisRunner will not be running.
RoslynAnalysisRunner has terminated.
Mono: successfully reloaded assembly
- Completed reload, in  3.754 seconds
Platform modules already initialized, skipping
Refreshing native plugins compatible for Editor in 0.42 ms, found 0 plugins.
Preloading 0 native plugins for Editor in 0.00 ms.
Unloading 1091 Unused Serialized files (Serialized files now loaded: 0)
System memory in use before: 60.9 MB.
System memory in use after: 61.0 MB.

Unloading 5 unused Assets to reduce memory usage. Loaded Objects now: 1609.
Total: 5.111900 ms (FindLiveObjects: 0.474200 ms CreateObjectMapping: 0.164600 ms MarkObjects: 4.370200 ms  DeleteObjects: 0.099100 ms)

========================================================================
Received Prepare
Registering precompiled user dll's ...
Registered in 0.003372 seconds.
Begin MonoManager ReloadAssembly
Native extension for WindowsStandalone target not found
Refreshing native plugins compatible for Editor in 0.37 ms, found 0 plugins.
Preloading 0 native plugins for Editor in 0.00 ms.
Invoked RoslynAnalysisRunner static constructor.
RoslynAnalysisRunner will not be running.
RoslynAnalysisRunner has terminated.
Mono: successfully reloaded assembly
- Completed reload, in  2.517 seconds
Platform modules already initialized, skipping
Refreshing native plugins compatible for Editor in 0.47 ms, found 0 plugins.
Preloading 0 native plugins for Editor in 0.00 ms.
Unloading 1091 Unused Serialized files (Serialized files now loaded: 0)
System memory in use before: 61.0 MB.
System memory in use after: 61.0 MB.

Unloading 5 unused Assets to reduce memory usage. Loaded Objects now: 1611.
Total: 4.571100 ms (FindLiveObjects: 0.234600 ms CreateObjectMapping: 0.078400 ms MarkObjects: 4.144600 ms  DeleteObjects: 0.110800 ms)

========================================================================
Received Prepare
Registering precompiled user dll's ...
Registered in 0.002741 seconds.
Begin MonoManager ReloadAssembly
Native extension for WindowsStandalone target not found
Refreshing native plugins compatible for Editor in 0.23 ms, found 0 plugins.
Preloading 0 native plugins for Editor in 0.00 ms.
Invoked RoslynAnalysisRunner static constructor.
RoslynAnalysisRunner will not be running.
RoslynAnalysisRunner has terminated.
Mono: successfully reloaded assembly
- Completed reload, in  1.721 seconds
Platform modules already initialized, skipping
Refreshing native plugins compatible for Editor in 0.20 ms, found 0 plugins.
Preloading 0 native plugins for Editor in 0.00 ms.
Unloading 1091 Unused Serialized files (Serialized files now loaded: 0)
System memory in use before: 61.1 MB.
System memory in use after: 61.1 MB.

Unloading 5 unused Assets to reduce memory usage. Loaded Objects now: 1613.
Total: 3.438700 ms (FindLiveObjects: 0.230400 ms CreateObjectMapping: 0.125100 ms MarkObjects: 3.020800 ms  DeleteObjects: 0.060400 ms)

========================================================================
Received Prepare
Registering precompiled user dll's ...
Registered in 0.000947 seconds.
Begin MonoManager ReloadAssembly
Native extension for WindowsStandalone target not found
Refreshing native plugins compatible for Editor in 0.35 ms, found 0 plugins.
Preloading 0 native plugins for Editor in 0.00 ms.
Invoked RoslynAnalysisRunner static constructor.
RoslynAnalysisRunner will not be running.
RoslynAnalysisRunner has terminated.
Mono: successfully reloaded assembly
- Completed reload, in  0.888 seconds
Platform modules already initialized, skipping
Refreshing native plugins compatible for Editor in 0.28 ms, found 0 plugins.
Preloading 0 native plugins for Editor in 0.00 ms.
Unloading 1091 Unused Serialized files (Serialized files now loaded: 0)
System memory in use before: 61.1 MB.
System memory in use after: 61.2 MB.

Unloading 5 unused Assets to reduce memory usage. Loaded Objects now: 1615.
Total: 2.015500 ms (FindLiveObjects: 0.191000 ms CreateObjectMapping: 0.049700 ms MarkObjects: 1.724400 ms  DeleteObjects: 0.048400 ms)

========================================================================
Received Import Request.
  Time since last request: 5620.228349 seconds.
  path: Assets/walls.mat
  artifactKey: Guid(da862c86710101447843bf0f3edff501) Importer(815301076,1909f56bfc062723c751e8b465ee728b)
Start importing Assets/walls.mat using Guid(da862c86710101447843bf0f3edff501) Importer(815301076,1909f56bfc062723c751e8b465ee728b)  -> (artifact id: '3d48e2fd5eaac1352eea91e926232e06') in 0.081683 seconds
  Import took 0.085383 seconds .

========================================================================
Received Prepare
Registering precompiled user dll's ...
Registered in 0.001205 seconds.
Begin MonoManager ReloadAssembly
Native extension for WindowsStandalone target not found
Refreshing native plugins compatible for Editor in 0.23 ms, found 0 plugins.
Preloading 0 native plugins for Editor in 0.00 ms.
Invoked RoslynAnalysisRunner static constructor.
RoslynAnalysisRunner will not be running.
RoslynAnalysisRunner has terminated.
Mono: successfully reloaded assembly
- Completed reload, in  0.919 seconds
Platform modules already initialized, skipping
Refreshing native plugins compatible for Editor in 0.22 ms, found 0 plugins.
Preloading 0 native plugins for Editor in 0.00 ms.
Unloading 1091 Unused Serialized files (Serialized files now loaded: 0)
System memory in use before: 61.2 MB.
System memory in use after: 61.3 MB.

Unloading 5 unused Assets to reduce memory usage. Loaded Objects now: 1618.
Total: 1.922400 ms (FindLiveObjects: 0.221200 ms CreateObjectMapping: 0.051200 ms MarkObjects: 1.599700 ms  DeleteObjects: 0.048500 ms)

========================================================================
Received Prepare
Registering precompiled user dll's ...
Registered in 0.001023 seconds.
Begin MonoManager ReloadAssembly
Native extension for WindowsStandalone target not found
Refreshing native plugins compatible for Editor in 0.19 ms, found 0 plugins.
Preloading 0 native plugins for Editor in 0.00 ms.
Invoked RoslynAnalysisRunner static constructor.
RoslynAnalysisRunner will not be running.
RoslynAnalysisRunner has terminated.
Mono: successfully reloaded assembly
- Completed reload, in  0.808 seconds
Platform modules already initialized, skipping
Refreshing native plugins compatible for Editor in 0.19 ms, found 0 plugins.
Preloading 0 native plugins for Editor in 0.00 ms.
Unloading 1091 Unused Serialized files (Serialized files now loaded: 0)
System memory in use before: 61.3 MB.
System memory in use after: 61.4 MB.

Unloading 5 unused Assets to reduce memory usage. Loaded Objects now: 1620.
Total: 4.760100 ms (FindLiveObjects: 0.472300 ms CreateObjectMapping: 0.141800 ms MarkObjects: 4.051100 ms  DeleteObjects: 0.090700 ms)

========================================================================
Received Prepare
Registering precompiled user dll's ...
Registered in 0.001111 seconds.
Begin MonoManager ReloadAssembly
Native extension for WindowsStandalone target not found
Refreshing native plugins compatible for Editor in 0.22 ms, found 0 plugins.
Preloading 0 native plugins for Editor in 0.00 ms.
Invoked RoslynAnalysisRunner static constructor.
RoslynAnalysisRunner will not be running.
RoslynAnalysisRunner has terminated.
Mono: successfully reloaded assembly
- Completed reload, in  0.803 seconds
Platform modules already initialized, skipping
Refreshing native plugins compatible for Editor in 0.22 ms, found 0 plugins.
Preloading 0 native plugins for Editor in 0.00 ms.
Unloading 1091 Unused Serialized files (Serialized files now loaded: 0)
System memory in use before: 61.4 MB.
System memory in use after: 61.5 MB.

Unloading 5 unused Assets to reduce memory usage. Loaded Objects now: 1622.
Total: 3.118900 ms (FindLiveObjects: 0.427600 ms CreateObjectMapping: 0.074800 ms MarkObjects: 2.545100 ms  DeleteObjects: 0.069100 ms)

========================================================================
Received Prepare
Registering precompiled user dll's ...
Registered in 0.000788 seconds.
Begin MonoManager ReloadAssembly
Native extension for WindowsStandalone target not found
Refreshing native plugins compatible for Editor in 0.52 ms, found 0 plugins.
Preloading 0 native plugins for Editor in 0.00 ms.
Invoked RoslynAnalysisRunner static constructor.
RoslynAnalysisRunner will not be running.
RoslynAnalysisRunner has terminated.
Mono: successfully reloaded assembly
- Completed reload, in  0.807 seconds
Platform modules already initialized, skipping
Refreshing native plugins compatible for Editor in 0.21 ms, found 0 plugins.
Preloading 0 native plugins for Editor in 0.00 ms.
Unloading 1091 Unused Serialized files (Serialized files now loaded: 0)
System memory in use before: 61.5 MB.
System memory in use after: 61.6 MB.

Unloading 5 unused Assets to reduce memory usage. Loaded Objects now: 1624.
Total: 1.889700 ms (FindLiveObjects: 0.142400 ms CreateObjectMapping: 0.036800 ms MarkObjects: 1.668600 ms  DeleteObjects: 0.039800 ms)

========================================================================
Received Prepare
Registering precompiled user dll's ...
Registered in 0.001314 seconds.
Begin MonoManager ReloadAssembly
Native extension for WindowsStandalone target not found
Refreshing native plugins compatible for Editor in 0.29 ms, found 0 plugins.
Preloading 0 native plugins for Editor in 0.00 ms.
Invoked RoslynAnalysisRunner static constructor.
RoslynAnalysisRunner will not be running.
RoslynAnalysisRunner has terminated.
Mono: successfully reloaded assembly
- Completed reload, in  0.849 seconds
Platform modules already initialized, skipping
Refreshing native plugins compatible for Editor in 0.21 ms, found 0 plugins.
Preloading 0 native plugins for Editor in 0.00 ms.
Unloading 1091 Unused Serialized files (Serialized files now loaded: 0)
System memory in use before: 61.6 MB.
System memory in use after: 61.7 MB.

Unloading 5 unused Assets to reduce memory usage. Loaded Objects now: 1626.
Total: 2.432500 ms (FindLiveObjects: 0.257400 ms CreateObjectMapping: 0.077800 ms MarkObjects: 2.025200 ms  DeleteObjects: 0.069400 ms)

========================================================================
Received Import Request.
  Time since last request: 3877.147701 seconds.
  path: Assets/Cave.mat
  artifactKey: Guid(8e9586f31a72b2e46b862e01bcbbe80b) Importer(815301076,1909f56bfc062723c751e8b465ee728b)
Start importing Assets/Cave.mat using Guid(8e9586f31a72b2e46b862e01bcbbe80b) Importer(815301076,1909f56bfc062723c751e8b465ee728b)  -> (artifact id: '275f9fed29062e1fa35234fe4c71f1fb') in 0.094875 seconds
  Import took 0.098597 seconds .

========================================================================
Received Import Request.
  Time since last request: 0.000385 seconds.
  path: Assets/walls.mat
  artifactKey: Guid(da862c86710101447843bf0f3edff501) Importer(815301076,1909f56bfc062723c751e8b465ee728b)
Start importing Assets/walls.mat using Guid(da862c86710101447843bf0f3edff501) Importer(815301076,1909f56bfc062723c751e8b465ee728b)  -> (artifact id: '5272618ffa8cb3588214d14c30d0408f') in 0.009243 seconds
  Import took 0.011410 seconds .

AssetImportWorkerClient::OnTransportError - code=2 error=End of file
